[0m[[0mdebug[0m] [0mRunning TaskDef(selenium.CustomTest, org.scalatest.tools.Framework$$anon$1@78d262e4, false, [SuiteSelector])[0m
[0m[[0minfo[0m] [0m[36mRun completed in 29 seconds, 63 milliseconds.[0m[0m
[0m[[0minfo[0m] [0m[36mTotal number of tests run: 11[0m[0m
[0m[[0minfo[0m] [0m[36mSuites: completed 1, aborted 0[0m[0m
[0m[[0minfo[0m] [0m[36mTests: succeeded 10, failed 1, canceled 0, ignored 0, pending 0[0m[0m
[0m[[0minfo[0m] [0m[31m*** 1 TEST FAILED ***[0m[0m
[0m[[31merror[0m] [0mFailed tests:[0m
[0m[[31merror[0m] [0m	selenium.CustomTest[0m
[0m[[31merror[0m] [0m(test:[31mtest[0m) sbt.TestsFailedException: Tests unsuccessful[0m
